0 info it worked if it ends with ok
1 verbose cli [ '/usr/local/bin/node',
1 verbose cli   '/usr/local/bin/npm',
1 verbose cli   'install',
1 verbose cli   '-g',
1 verbose cli   'ios-deploy' ]
2 info using npm@3.3.12
3 info using node@v5.5.0
4 silly loadCurrentTree Starting
5 silly install loadCurrentTree
6 silly install readGlobalPackageData
7 silly fetchPackageMetaData ios-deploy
8 silly fetchNamedPackageData ios-deploy
9 silly mapToRegistry name ios-deploy
10 silly mapToRegistry using default registry
11 silly mapToRegistry registry https://registry.npmjs.org/
12 silly mapToRegistry uri https://registry.npmjs.org/ios-deploy
13 verbose request uri https://registry.npmjs.org/ios-deploy
14 verbose request no auth needed
15 info attempt registry request try #1 at 5:20:57 PM
16 verbose request id 73eb87d0d9d49e47
17 verbose etag "9UZRSW4VGSS2C1DLFQVPDNHID"
18 http request GET https://registry.npmjs.org/ios-deploy
19 http 200 https://registry.npmjs.org/ios-deploy
20 verbose headers { server: 'CouchDB/1.5.0 (Erlang OTP/R16B03)',
20 verbose headers   etag: '"3IX4O2OE32NR3B9J47NYJRHYU"',
20 verbose headers   'content-type': 'application/json',
20 verbose headers   'cache-control': 'max-age=300',
20 verbose headers   'content-length': '35616',
20 verbose headers   'accept-ranges': 'bytes',
20 verbose headers   date: 'Tue, 16 Feb 2016 10:20:57 GMT',
20 verbose headers   via: '1.1 varnish',
20 verbose headers   age: '0',
20 verbose headers   connection: 'keep-alive',
20 verbose headers   'x-served-by': 'cache-sin6927-SIN',
20 verbose headers   'x-cache': 'HIT',
20 verbose headers   'x-cache-hits': '1',
20 verbose headers   'x-timer': 'S1455618057.623913,VS0,VE204',
20 verbose headers   vary: 'Accept' }
21 silly get cb [ 200,
21 silly get   { server: 'CouchDB/1.5.0 (Erlang OTP/R16B03)',
21 silly get     etag: '"3IX4O2OE32NR3B9J47NYJRHYU"',
21 silly get     'content-type': 'application/json',
21 silly get     'cache-control': 'max-age=300',
21 silly get     'content-length': '35616',
21 silly get     'accept-ranges': 'bytes',
21 silly get     date: 'Tue, 16 Feb 2016 10:20:57 GMT',
21 silly get     via: '1.1 varnish',
21 silly get     age: '0',
21 silly get     connection: 'keep-alive',
21 silly get     'x-served-by': 'cache-sin6927-SIN',
21 silly get     'x-cache': 'HIT',
21 silly get     'x-cache-hits': '1',
21 silly get     'x-timer': 'S1455618057.623913,VS0,VE204',
21 silly get     vary: 'Accept' } ]
22 verbose get saving ios-deploy to /Users/nguacon/.npm/registry.npmjs.org/ios-deploy/.cache.json
23 silly install normalizeTree
24 silly loadCurrentTree Finishing
25 silly loadIdealTree Starting
26 silly install loadIdealTree
27 silly cloneCurrentTree Starting
28 silly install cloneCurrentTreeToIdealTree
29 silly cloneCurrentTree Finishing
30 silly loadShrinkwrap Starting
31 silly install loadShrinkwrap
32 silly loadShrinkwrap Finishing
33 silly loadAllDepsIntoIdealTree Starting
34 silly install loadAllDepsIntoIdealTree
35 silly resolveWithNewModule ios-deploy@1.8.5 checking installable status
36 silly cache add args [ 'ios-deploy', null ]
37 verbose cache add spec ios-deploy
38 silly cache add parsed spec Result {
38 silly cache add   raw: 'ios-deploy',
38 silly cache add   scope: null,
38 silly cache add   name: 'ios-deploy',
38 silly cache add   rawSpec: '',
38 silly cache add   spec: '*',
38 silly cache add   type: 'range' }
39 silly addNamed ios-deploy@*
40 verbose addNamed "*" is a valid semver range for ios-deploy
41 silly addNameRange { name: 'ios-deploy', range: '*', hasData: false }
42 silly mapToRegistry name ios-deploy
43 silly mapToRegistry using default registry
44 silly mapToRegistry registry https://registry.npmjs.org/
45 silly mapToRegistry uri https://registry.npmjs.org/ios-deploy
46 verbose addNameRange registry:https://registry.npmjs.org/ios-deploy not in flight; fetching
47 verbose get https://registry.npmjs.org/ios-deploy not expired, no request
48 silly addNameRange number 2 { name: 'ios-deploy', range: '*', hasData: true }
49 silly addNameRange versions [ 'ios-deploy',
49 silly addNameRange   [ '1.0.1',
49 silly addNameRange     '1.0.2',
49 silly addNameRange     '1.0.3',
49 silly addNameRange     '1.0.4',
49 silly addNameRange     '1.0.5',
49 silly addNameRange     '1.0.6',
49 silly addNameRange     '1.0.7',
49 silly addNameRange     '1.0.8',
49 silly addNameRange     '1.0.9',
49 silly addNameRange     '1.1.0',
49 silly addNameRange     '1.2.0',
49 silly addNameRange     '1.3.0',
49 silly addNameRange     '1.3.1',
49 silly addNameRange     '1.3.2',
49 silly addNameRange     '1.4.0',
49 silly addNameRange     '1.5.0',
49 silly addNameRange     '1.6.0',
49 silly addNameRange     '1.6.1',
49 silly addNameRange     '1.6.2',
49 silly addNameRange     '1.6.3',
49 silly addNameRange     '1.7.0',
49 silly addNameRange     '1.8.0',
49 silly addNameRange     '1.8.1',
49 silly addNameRange     '1.8.2',
49 silly addNameRange     '1.8.3',
49 silly addNameRange     '1.8.4',
49 silly addNameRange     '1.8.5' ] ]
50 silly addNamed ios-deploy@1.8.5
51 verbose addNamed "1.8.5" is a plain semver version for ios-deploy
52 silly mapToRegistry name ios-deploy
53 silly mapToRegistry using default registry
54 silly mapToRegistry registry https://registry.npmjs.org/
55 silly mapToRegistry uri https://registry.npmjs.org/ios-deploy
56 verbose addRemoteTarball https://registry.npmjs.org/ios-deploy/-/ios-deploy-1.8.5.tgz not in flight; adding
57 verbose addRemoteTarball [ 'https://registry.npmjs.org/ios-deploy/-/ios-deploy-1.8.5.tgz',
57 verbose addRemoteTarball   '0b68ea29bf23a53981c7d09238cf12ca74aa1dba' ]
58 info retry fetch attempt 1 at 5:20:57 PM
59 info attempt registry request try #1 at 5:20:57 PM
60 http fetch GET https://registry.npmjs.org/ios-deploy/-/ios-deploy-1.8.5.tgz
61 http fetch 200 https://registry.npmjs.org/ios-deploy/-/ios-deploy-1.8.5.tgz
62 silly fetchAndShaCheck shasum 0b68ea29bf23a53981c7d09238cf12ca74aa1dba
63 verbose addTmpTarball /tmp/npm-9959-0c1bec5e/registry.npmjs.org/ios-deploy/-/ios-deploy-1.8.5.tgz not in flight; adding
64 verbose addTmpTarball already have metadata; skipping unpack for ios-deploy@1.8.5
65 silly cache afterAdd ios-deploy@1.8.5
66 verbose afterAdd /Users/nguacon/.npm/ios-deploy/1.8.5/package/package.json not in flight; writing
67 verbose afterAdd /Users/nguacon/.npm/ios-deploy/1.8.5/package/package.json written
68 silly loadAllDepsIntoIdealTree Finishing
69 silly idealTree:prePrune lib
69 silly idealTree:prePrune └── ios-deploy@1.8.5
70 silly loadIdealTree Finishing
71 silly currentTree lib
72 silly idealTree lib
72 silly idealTree └── ios-deploy@1.8.5
73 silly generateActionsToTake Starting
74 silly install generateActionsToTake
75 silly generateActionsToTake Finishing
76 silly diffTrees action count 1
77 silly diffTrees add ios-deploy@1.8.5
78 silly decomposeActions action count 8
79 silly decomposeActions fetch ios-deploy@1.8.5
80 silly decomposeActions extract ios-deploy@1.8.5
81 silly decomposeActions preinstall ios-deploy@1.8.5
82 silly decomposeActions build ios-deploy@1.8.5
83 silly decomposeActions install ios-deploy@1.8.5
84 silly decomposeActions postinstall ios-deploy@1.8.5
85 silly decomposeActions test ios-deploy@1.8.5
86 silly decomposeActions finalize ios-deploy@1.8.5
87 silly executeActions Starting
88 silly install executeActions
89 silly doSerial global-install 0
90 silly doParallel fetch 1
91 verbose lock using /Users/nguacon/.npm/_locks/staging-3a08f0df5026584d.lock for /usr/local/lib/node_modules/.staging
92 silly doParallel extract 1
93 silly extract ios-deploy@1.8.5
94 verbose unbuild lib/node_modules/.staging/ios-deploy-fbfd9f76b9a8909271fae167aab47715
95 silly gentlyRm /usr/local/lib/node_modules/.staging/ios-deploy-fbfd9f76b9a8909271fae167aab47715 is being purged from base /usr/local
96 verbose gentlyRm don't care about contents; nuking /usr/local/lib/node_modules/.staging/ios-deploy-fbfd9f76b9a8909271fae167aab47715
97 verbose tar unpack /Users/nguacon/.npm/ios-deploy/1.8.5/package.tgz
98 verbose tar unpacking to /usr/local/lib/node_modules/.staging/ios-deploy-fbfd9f76b9a8909271fae167aab47715
99 silly gentlyRm /usr/local/lib/node_modules/.staging/ios-deploy-fbfd9f76b9a8909271fae167aab47715 is being purged
100 verbose gentlyRm don't care about contents; nuking /usr/local/lib/node_modules/.staging/ios-deploy-fbfd9f76b9a8909271fae167aab47715
101 silly gunzTarPerm modes [ '755', '644' ]
102 silly gunzTarPerm extractEntry package.json
103 silly gunzTarPerm extractEntry .npmignore
104 silly gunzTarPerm extractEntry README.md
105 silly gunzTarPerm extractEntry LICENSE
106 silly gunzTarPerm extractEntry CONTRIBUTING.md
107 silly gunzTarPerm extractEntry demo/.npmignore
108 silly gunzTarPerm extractEntry demo/Entitlements.plist
109 silly gunzTarPerm extractEntry demo/Info.plist
110 silly gunzTarPerm extractEntry demo/Makefile
111 silly gunzTarPerm extractEntry demo/ResourceRules.plist
112 silly gunzTarPerm extractEntry demo/demo.c
113 silly gunzTarPerm extractEntry ios-deploy.xcodeproj/project.pbxproj
114 silly gunzTarPerm extractEntry ios-deploy.xcodeproj/xcshareddata/xcschemes/ios-deploy-tests.xcscheme
115 silly gunzTarPerm extractEntry src/ios-deploy/MobileDevice.h
116 silly gunzTarPerm extractEntry src/ios-deploy/errors.h
117 silly gunzTarPerm extractEntry src/ios-deploy/ios-deploy.m
118 silly gunzTarPerm extractEntry src/ios-deploy/lldb.py.h
119 silly gunzTarPerm extractEntry src/ios-deploy/version.h
120 silly gunzTarPerm extractEntry src/ios-deploy-lib/libios_deploy.h
121 silly gunzTarPerm extractEntry src/ios-deploy-lib/libios_deploy.m
122 silly gunzTarPerm extractEntry src/ios-deploy-tests/Info.plist
123 silly gunzTarPerm extractEntry src/ios-deploy-tests/ios_deploy_tests.m
124 silly gunzTarPerm extractEntry src/scripts/check_reqs.js
125 silly gunzTarPerm extractEntry src/scripts/lldb.py
126 silly gunzTarPerm extractEntry src/scripts/lldb.pyc
127 silly doParallel preinstall 1
128 silly preinstall ios-deploy@1.8.5 /usr/local/lib/node_modules/.staging/ios-deploy-fbfd9f76b9a8909271fae167aab47715
129 info lifecycle ios-deploy@1.8.5~preinstall: ios-deploy@1.8.5
130 warn lifecycle ios-deploy@1.8.5~preinstall: cannot run in wd %s %s (wd=%s) ios-deploy@1.8.5 ./src/scripts/check_reqs.js && xcodebuild /usr/local/lib/node_modules/.staging/ios-deploy-fbfd9f76b9a8909271fae167aab47715
131 silly doReverseSerial remove 0
132 silly doSerial move 0
133 silly doSerial finalize 1
134 silly finalize /usr/local/lib/node_modules/ios-deploy
135 silly doSerial build 1
136 silly build ios-deploy@1.8.5
137 info linkStuff ios-deploy@1.8.5
138 silly linkStuff ios-deploy@1.8.5 has /usr/local/lib/node_modules as its parent node_modules
139 silly linkStuff ios-deploy@1.8.5 is part of a global install
140 silly linkStuff ios-deploy@1.8.5 is installed into a global node_modules
141 silly linkStuff ios-deploy@1.8.5 is installed into the top-level global node_modules
142 verbose linkBins ios-deploy@1.8.5
143 verbose link bins [ { 'ios-deploy': './build/Release/ios-deploy' },
143 verbose link bins   '/usr/local/bin',
143 verbose link bins   true ]
144 verbose linkMans ios-deploy@1.8.5
145 verbose unlock done using /Users/nguacon/.npm/_locks/staging-3a08f0df5026584d.lock for /usr/local/lib/node_modules/.staging
146 silly rollbackFailedOptional Starting
147 silly rollbackFailedOptional Finishing
148 silly runTopLevelLifecycles Starting
149 silly runTopLevelLifecycles Finishing
150 silly install printInstalled
151 verbose stack Error: ENOENT: no such file or directory, chmod '/usr/local/lib/node_modules/ios-deploy/build/Release/ios-deploy'
151 verbose stack     at Error (native)
152 verbose cwd /Users/nguacon/MobileTrading
153 error Darwin 15.3.0
154 error argv "/usr/local/bin/node" "/usr/local/bin/npm" "install" "-g" "ios-deploy"
155 error node v5.5.0
156 error npm  v3.3.12
157 error path /usr/local/lib/node_modules/ios-deploy/build/Release/ios-deploy
158 error code ENOENT
159 error errno -2
160 error syscall chmod
161 error enoent ENOENT: no such file or directory, chmod '/usr/local/lib/node_modules/ios-deploy/build/Release/ios-deploy'
161 error enoent This is most likely not a problem with npm itself
161 error enoent and is related to npm not being able to find a file.
162 verbose exit [ -2, true ]
